   10.000000000000000     
   2.5   0.000E+00   7.5   0.000E+00  12.5   0.000E+00  17.5   0.319E-01
  22.5   0.200E-01  27.5   0.251E-01  32.5   0.378E-01  37.5   0.477E-01
  42.5   0.404E-01  47.5   0.260E-01  52.5   0.168E-01  57.5   0.106E-01
  62.5   0.718E-02  67.5   0.526E-02  72.5   0.386E-02  77.5   0.305E-02
  82.5   0.241E-02  87.5   0.198E-02  92.5   0.165E-02  97.5   0.138E-02
 102.5   0.117E-02 107.5   0.102E-02 112.5   0.889E-03 117.5   0.780E-03
   30.000000000000000     
   2.5   0.000E+00   7.5   0.000E+00  12.5   0.000E+00  17.5   0.553E-01
  22.5   0.259E-01  27.5   0.255E-01  32.5   0.365E-01  37.5   0.453E-01
  42.5   0.386E-01  47.5   0.248E-01  52.5   0.156E-01  57.5   0.998E-02
  62.5   0.683E-02  67.5   0.505E-02  72.5   0.371E-02  77.5   0.292E-02
  82.5   0.233E-02  87.5   0.190E-02  92.5   0.158E-02  97.5   0.134E-02
 102.5   0.114E-02 107.5   0.985E-03 112.5   0.855E-03 117.5   0.759E-03
   50.000000000000000     
   2.5   0.000E+00   7.5   0.000E+00  12.5   0.000E+00  17.5   0.855E-01
  22.5   0.327E-01  27.5   0.255E-01  32.5   0.337E-01  37.5   0.410E-01
  42.5   0.350E-01  47.5   0.224E-01  52.5   0.140E-01  57.5   0.903E-02
  62.5   0.623E-02  67.5   0.460E-02  72.5   0.342E-02  77.5   0.269E-02
  82.5   0.215E-02  87.5   0.175E-02  92.5   0.146E-02  97.5   0.124E-02
 102.5   0.107E-02 107.5   0.916E-03 112.5   0.800E-03 117.5   0.711E-03
   70.000000000000000     
   2.5   0.000E+00   7.5   0.000E+00  12.5   0.000E+00  17.5   0.117E+00
  22.5   0.389E-01  27.5   0.248E-01  32.5   0.295E-01  37.5   0.350E-01
  42.5   0.298E-01  47.5   0.191E-01  52.5   0.120E-01  57.5   0.786E-02
  62.5   0.542E-02  67.5   0.397E-02  72.5   0.300E-02  77.5   0.237E-02
  82.5   0.189E-02  87.5   0.155E-02  92.5   0.130E-02  97.5   0.110E-02
 102.5   0.951E-03 107.5   0.814E-03 112.5   0.718E-03 117.5   0.633E-03
   90.000000000000000     
   2.5   0.000E+00   7.5   0.000E+00  12.5   0.000E+00  17.5   0.133E+00
  22.5   0.409E-01  27.5   0.227E-01  32.5   0.249E-01  37.5   0.287E-01
  42.5   0.242E-01  47.5   0.156E-01  52.5   0.985E-02  57.5   0.651E-02
  62.5   0.449E-02  67.5   0.330E-02  72.5   0.251E-02  77.5   0.197E-02
  82.5   0.159E-02  87.5   0.130E-02  92.5   0.110E-02  97.5   0.930E-03
 102.5   0.807E-03 107.5   0.691E-03 112.5   0.611E-03 117.5   0.538E-03
   110.00000000000000     
   2.5   0.000E+00   7.5   0.000E+00  12.5   0.000E+00  17.5   0.131E+00
  22.5   0.388E-01  27.5   0.195E-01  32.5   0.200E-01  37.5   0.222E-01
  42.5   0.186E-01  47.5   0.121E-01  52.5   0.773E-02  57.5   0.505E-02
  62.5   0.352E-02  67.5   0.260E-02  72.5   0.198E-02  77.5   0.155E-02
  82.5   0.127E-02  87.5   0.104E-02  92.5   0.875E-03  97.5   0.745E-03
 102.5   0.644E-03 107.5   0.559E-03 112.5   0.490E-03 117.5   0.434E-03
   130.00000000000000     
   2.5   0.000E+00   7.5   0.000E+00  12.5   0.000E+00  17.5   0.116E+00
  22.5   0.339E-01  27.5   0.159E-01  32.5   0.153E-01  37.5   0.166E-01
  42.5   0.137E-01  47.5   0.896E-02  52.5   0.573E-02  57.5   0.376E-02
  62.5   0.263E-02  67.5   0.195E-02  72.5   0.149E-02  77.5   0.117E-02
  82.5   0.957E-03  87.5   0.793E-03  92.5   0.664E-03  97.5   0.566E-03
 102.5   0.491E-03 107.5   0.429E-03 112.5   0.378E-03 117.5   0.333E-03
   150.00000000000000     
   2.5   0.000E+00   7.5   0.000E+00  12.5   0.000E+00  17.5   0.930E-01
  22.5   0.265E-01  27.5   0.120E-01  32.5   0.110E-01  37.5   0.118E-01
  42.5   0.964E-02  47.5   0.627E-02  52.5   0.399E-02  57.5   0.268E-02
  62.5   0.187E-02  67.5   0.138E-02  72.5   0.106E-02  77.5   0.848E-03
  82.5   0.684E-03  87.5   0.573E-03  92.5   0.479E-03  97.5   0.409E-03
 102.5   0.356E-03 107.5   0.313E-03 112.5   0.278E-03 117.5   0.241E-03
   170.00000000000000     
   2.5   0.000E+00   7.5   0.000E+00  12.5   0.000E+00  17.5   0.711E-01
  22.5   0.196E-01  27.5   0.862E-02  32.5   0.752E-02  37.5   0.786E-02
  42.5   0.644E-02  47.5   0.419E-02  52.5   0.266E-02  57.5   0.180E-02
  62.5   0.126E-02  67.5   0.937E-03  72.5   0.725E-03  77.5   0.579E-03
  82.5   0.472E-03  87.5   0.395E-03  92.5   0.329E-03  97.5   0.282E-03
 102.5   0.247E-03 107.5   0.217E-03 112.5   0.191E-03 117.5   0.168E-03
   190.00000000000000     
   2.5   0.000E+00   7.5   0.000E+00  12.5   0.000E+00  17.5   0.505E-01
  22.5   0.138E-01  27.5   0.580E-02  32.5   0.491E-02  37.5   0.501E-02
  42.5   0.409E-02  47.5   0.272E-02  52.5   0.173E-02  57.5   0.115E-02
  62.5   0.821E-03  67.5   0.609E-03  72.5   0.473E-03  77.5   0.377E-03
  82.5   0.313E-03  87.5   0.260E-03  92.5   0.217E-03  97.5   0.187E-03
 102.5   0.164E-03 107.5   0.143E-03 112.5   0.125E-03 117.5   0.111E-03
   210.00000000000000     
   2.5   0.000E+00   7.5   0.000E+00  12.5   0.000E+00  17.5   0.339E-01
  22.5   0.930E-02  27.5   0.373E-02  32.5   0.303E-02  37.5   0.302E-02
  42.5   0.246E-02  47.5   0.165E-02  52.5   0.105E-02  57.5   0.698E-03
  62.5   0.501E-03  67.5   0.373E-03  72.5   0.292E-03  77.5   0.233E-03
  82.5   0.194E-03  87.5   0.159E-03  92.5   0.135E-03  97.5   0.116E-03
 102.5   0.103E-03 107.5   0.882E-04 112.5   0.773E-04 117.5   0.698E-04
   230.00000000000000     
   2.5   0.000E+00   7.5   0.000E+00  12.5   0.000E+00  17.5   0.222E-01
  22.5   0.603E-02  27.5   0.235E-02  32.5   0.183E-02  37.5   0.176E-02
  42.5   0.143E-02  47.5   0.951E-03  52.5   0.597E-03  57.5   0.414E-03
  62.5   0.297E-03  67.5   0.220E-03  72.5   0.173E-03  77.5   0.138E-03
  82.5   0.113E-03  87.5   0.937E-04  92.5   0.807E-04  97.5   0.691E-04
 102.5   0.613E-04 107.5   0.526E-04 112.5   0.471E-04 117.5   0.419E-04
   250.00000000000000     
   2.5   0.000E+00   7.5   0.000E+00  12.5   0.000E+00  17.5   0.135E-01
  22.5   0.360E-02  27.5   0.139E-02  32.5   0.103E-02  37.5   0.985E-03
  42.5   0.793E-03  47.5   0.520E-03  52.5   0.330E-03  57.5   0.232E-03
  62.5   0.167E-03  67.5   0.124E-03  72.5   0.971E-04  77.5   0.773E-04
  82.5   0.628E-04  87.5   0.527E-04  92.5   0.455E-04  97.5   0.390E-04
 102.5   0.345E-04 107.5   0.296E-04 112.5   0.266E-04 117.5   0.235E-04
   270.00000000000000     
   2.5   0.000E+00   7.5   0.000E+00  12.5   0.000E+00  17.5   0.773E-02
  22.5   0.204E-02  27.5   0.793E-03  32.5   0.570E-03  37.5   0.551E-03
  42.5   0.431E-03  47.5   0.280E-03  52.5   0.187E-03  57.5   0.127E-03
  62.5   0.910E-04  67.5   0.691E-04  72.5   0.542E-04  77.5   0.427E-04
  82.5   0.350E-04  87.5   0.298E-04  92.5   0.254E-04  97.5   0.217E-04
 102.5   0.189E-04 107.5   0.166E-04 112.5   0.146E-04 117.5   0.128E-04
   290.00000000000000     
   2.5   0.000E+00   7.5   0.000E+00  12.5   0.000E+00  17.5   0.416E-02
  22.5   0.107E-02  27.5   0.428E-03  32.5   0.304E-03  37.5   0.295E-03
  42.5   0.230E-03  47.5   0.148E-03  52.5   0.101E-03  57.5   0.675E-04
  62.5   0.481E-04  67.5   0.373E-04  72.5   0.289E-04  77.5   0.230E-04
  82.5   0.189E-04  87.5   0.162E-04  92.5   0.139E-04  97.5   0.119E-04
 102.5   0.102E-04 107.5   0.910E-05 112.5   0.793E-05 117.5   0.698E-05
   310.00000000000000     
   2.5   0.000E+00   7.5   0.000E+00  12.5   0.000E+00  17.5   0.183E-02
  22.5   0.446E-03  27.5   0.131E-03  32.5   0.105E-03  37.5   0.438E-04
  42.5   0.663E-04  47.5   0.399E-04  52.5   0.000E+00  57.5   0.237E-04
  62.5   0.163E-04  67.5   0.964E-05  72.5   0.739E-05  77.5   0.793E-05
  82.5   0.405E-05  87.5   0.291E-05  92.5   0.458E-05  97.5   0.424E-05
 102.5   0.367E-05 107.5   0.282E-05 112.5   0.353E-05 117.5   0.315E-05
