   15.000000000000000        1485.0000000000000       0.55860370900892786        3.7303320159298492E-002
   45.000000000000000        1455.0000000000000        2.9182130360457004       0.11683678339260582     
   75.000000000000000        1425.0000000000000        10.013164577450395       0.27993026034635760     
   105.00000000000000        1395.0000000000000        22.674266469694906       0.50285024906815701     
   135.00000000000000        1365.0000000000000        43.851502865017153       0.87344165505190130     
   165.00000000000000        1335.0000000000000        76.004825630691315        1.4057707661421166     
   195.00000000000000        1305.0000000000000        112.38741971753468        2.0638970144632038     
   225.00000000000000        1275.0000000000000        164.39031282571719        2.9439231485153248     
   255.00000000000000        1245.0000000000000        236.82353802034802        4.3151278927456858     
   285.00000000000000        1215.0000000000000        340.29869799716801        6.2737331448426605     
   315.00000000000000        1185.0000000000000        463.29480567241251        8.4017111069871682     
   345.00000000000000        1155.0000000000000        612.79368185603016        11.458050450378176     
   375.00000000000000        1125.0000000000000        753.93150504959590        13.379444689090581     
   405.00000000000000        1095.0000000000000        908.47356187444882        15.961086453478355     
   435.00000000000000        1065.0000000000000        967.22210875262090        16.950815436719676     
   465.00000000000000        1035.0000000000000        1003.6641506164793        17.969849452050553     
   495.00000000000000        1005.0000000000000        917.75164717782502        16.804296041512835     
   525.00000000000000        975.00000000000000        826.47802760976140        15.739301639160185     
   555.00000000000000        945.00000000000000        723.98193440661532        14.364656500252819     
   585.00000000000000        915.00000000000000        592.68859685732741        12.493485615040273     
   615.00000000000000        885.00000000000000        479.87310211403167        10.760242247131409     
   645.00000000000000        855.00000000000000        363.83492660364630        8.6799141430815183     
   675.00000000000000        825.00000000000000        315.52025093201070        8.7191904532348872     
   705.00000000000000        795.00000000000000        244.62597635156555        6.8404924574784580     
   735.00000000000000        765.00000000000000        207.38610856147608        6.6999050461417555     
   765.00000000000000        735.00000000000000        171.58666758213374        6.2114732586061896     
   795.00000000000000        705.00000000000000        134.75769004696045        5.4830114625107145     
   825.00000000000000        675.00000000000000        110.00609073683199        5.1184362543995618     
   855.00000000000000        645.00000000000000        88.878403212979237        4.4343835094900674     
   885.00000000000000        615.00000000000000        78.720061729427456        4.5953939029081399     
   915.00000000000000        585.00000000000000        64.016945200302885        4.1771485889087945     
   945.00000000000000        555.00000000000000        47.635850795043943        3.8839568412152992     
   975.00000000000000        525.00000000000000        41.772998019093720        3.8378428652244270     
   1005.0000000000000        495.00000000000000        37.144009638830290        4.2105514392006507     
   1035.0000000000000        465.00000000000000        20.547184780449058        3.3644241083552364     
   1065.0000000000000        435.00000000000000        15.124864260240615        2.9715908487673373     
   1095.0000000000000        405.00000000000000        9.3080676364586701        2.7632385071464340     
   1125.0000000000000        375.00000000000000        3.2235254903146626        2.2816888779267370     
   1155.0000000000000        345.00000000000000      -0.29806640493494119        2.8175918139304383     
   1185.0000000000000        315.00000000000000       -5.9446486235816964        1.5315693089711095     
